# JRE version: Java(TM) SE Runtime Environment (17.0.7+8) (build 17.0.7+8-LTS-224)
# Java VM: Java HotSpot(TM) 64-Bit Server VM (17.0.7+8-LTS-224, mixed mode, sharing, tiered, compressed oops, compressed class ptrs, g1 gc, windows-amd64)
GC Precious Log:
 CPUs: 12 total, 12 available
 Memory: 16160M
 Large Page Support: Disabled
 NUMA Support: Disabled
 Compressed Oops: Enabled (Zero based)
 Heap Region Size: 2M
 Heap Min Capacity: 8M
 Heap Initial Capacity: 254M
 Heap Max Capacity: 4042M
 Pre-touch: Disabled
 Parallel Workers: 10
 Concurrent Workers: 3
 Concurrent Refinement Workers: 10
 Periodic GC: Disabled
Heap:
 garbage-first heap   total 90112K, used 41710K [0x0000000703600000, 0x0000000800000000)
  region size 2048K, 1 young (2048K), 1 survivors (2048K)
 Metaspace       used 67172K, committed 67712K, reserved 1114112K
  class space    used 9509K, committed 9792K, reserved 1048576K
GC Heap History (20 events):
Event: 7.607 GC heap after
{Heap after GC invocations=16 (full 0):
 garbage-first heap   total 61440K, used 28130K [0x0000000703600000, 0x0000000800000000)
  region size 2048K, 2 young (4096K), 2 survivors (4096K)
 Metaspace       used 57176K, committed 57728K, reserved 1105920K
  class space    used 7797K, committed 8064K, reserved 1048576K
}
Event: 7.838 GC heap before
{Heap before GC invocations=16 (full 0):
 garbage-first heap   total 61440K, used 36322K [0x0000000703600000, 0x0000000800000000)
  region size 2048K, 8 young (16384K), 2 survivors (4096K)
 Metaspace       used 59648K, committed 60160K, reserved 1105920K
  class space    used 8179K, committed 8448K, reserved 1048576K
}
Event: 7.841 GC heap after
{Heap after GC invocations=17 (full 0):
 garbage-first heap   total 61440K, used 28569K [0x0000000703600000, 0x0000000800000000)
  region size 2048K, 2 young (4096K), 2 survivors (4096K)
 Metaspace       used 59648K, committed 60160K, reserved 1105920K
  class space    used 8179K, committed 8448K, reserved 1048576K
}
Event: 11.034 GC heap before
{Heap before GC invocations=18 (full 0):
 garbage-first heap   total 61440K, used 47001K [0x0000000703600000, 0x0000000800000000)
  region size 2048K, 12 young (24576K), 2 survivors (4096K)
 Metaspace       used 62303K, committed 62848K, reserved 1105920K
  class space    used 8618K, committed 8896K, reserved 1048576K
}
Event: 11.037 GC heap after
{Heap after GC invocations=19 (full 0):
 garbage-first heap   total 61440K, used 30271K [0x0000000703600000, 0x0000000800000000)
  region size 2048K, 2 young (4096K), 2 survivors (4096K)
 Metaspace       used 62303K, committed 62848K, reserved 1105920K
  class space    used 8618K, committed 8896K, reserved 1048576K
}
Event: 11.351 GC heap before
{Heap before GC invocations=19 (full 0):
 garbage-first heap   total 61440K, used 46655K [0x0000000703600000, 0x0000000800000000)
  region size 2048K, 11 young (22528K), 2 survivors (4096K)
 Metaspace       used 65388K, committed 65984K, reserved 1105920K
  class space    used 9125K, committed 9408K, reserved 1048576K
}
Event: 11.354 GC heap after
{Heap after GC invocations=20 (full 0):
 garbage-first heap   total 61440K, used 31490K [0x0000000703600000, 0x0000000800000000)
  region size 2048K, 2 young (4096K), 2 survivors (4096K)
 Metaspace       used 65388K, committed 65984K, reserved 1105920K
  class space    used 9125K, committed 9408K, reserved 1048576K
}
Event: 11.457 GC heap before
{Heap before GC invocations=21 (full 0):
 garbage-first heap   total 65536K, used 49922K [0x0000000703600000, 0x0000000800000000)
  region size 2048K, 11 young (22528K), 2 survivors (4096K)
 Metaspace       used 65416K, committed 65984K, reserved 1105920K
  class space    used 9131K, committed 9408K, reserved 1048576K
}
Event: 11.461 GC heap after
{Heap after GC invocations=22 (full 0):
 garbage-first heap   total 65536K, used 34321K [0x0000000703600000, 0x0000000800000000)
  region size 2048K, 2 young (4096K), 2 survivors (4096K)
 Metaspace       used 65416K, committed 65984K, reserved 1105920K
  class space    used 9131K, committed 9408K, reserved 1048576K
}
Event: 11.471 GC heap before
{Heap before GC invocations=22 (full 0):
 garbage-first heap   total 65536K, used 36369K [0x0000000703600000, 0x0000000800000000)
  region size 2048K, 3 young (6144K), 2 survivors (4096K)
 Metaspace       used 65416K, committed 65984K, reserved 1105920K
  class space    used 9131K, committed 9408K, reserved 1048576K
}
Event: 11.474 GC heap after
{Heap after GC invocations=23 (full 0):
 garbage-first heap   total 65536K, used 34963K [0x0000000703600000, 0x0000000800000000)
  region size 2048K, 1 young (2048K), 1 survivors (2048K)
 Metaspace       used 65416K, committed 65984K, reserved 1105920K
  class space    used 9131K, committed 9408K, reserved 1048576K
}
Event: 11.528 GC heap before
{Heap before GC invocations=23 (full 0):
 garbage-first heap   total 65536K, used 49299K [0x0000000703600000, 0x0000000800000000)
  region size 2048K, 8 young (16384K), 1 survivors (2048K)
 Metaspace       used 65416K, committed 65984K, reserved 1105920K
  class space    used 9131K, committed 9408K, reserved 1048576K
}
Event: 11.532 GC heap after
{Heap after GC invocations=24 (full 0):
 garbage-first heap   total 65536K, used 40603K [0x0000000703600000, 0x0000000800000000)
  region size 2048K, 1 young (2048K), 1 survivors (2048K)
 Metaspace       used 65416K, committed 65984K, reserved 1105920K
  class space    used 9131K, committed 9408K, reserved 1048576K
}
Event: 11.573 GC heap before
{Heap before GC invocations=25 (full 0):
 garbage-first heap   total 79872K, used 48795K [0x0000000703600000, 0x0000000800000000)
  region size 2048K, 5 young (10240K), 1 survivors (2048K)
 Metaspace       used 65417K, committed 65984K, reserved 1105920K
  class space    used 9131K, committed 9408K, reserved 1048576K
}
Event: 11.575 GC heap after
{Heap after GC invocations=26 (full 0):
 garbage-first heap   total 79872K, used 41943K [0x0000000703600000, 0x0000000800000000)
  region size 2048K, 1 young (2048K), 1 survivors (2048K)
 Metaspace       used 65417K, committed 65984K, reserved 1105920K
  class space    used 9131K, committed 9408K, reserved 1048576K
}
Event: 11.744 GC heap before
{Heap before GC invocations=26 (full 0):
 garbage-first heap   total 79872K, used 58327K [0x0000000703600000, 0x0000000800000000)
  region size 2048K, 10 young (20480K), 1 survivors (2048K)
 Metaspace       used 67161K, committed 67712K, reserved 1114112K
  class space    used 9509K, committed 9792K, reserved 1048576K
}
Event: 11.747 GC heap after
{Heap after GC invocations=27 (full 0):
 garbage-first heap   total 79872K, used 43588K [0x0000000703600000, 0x0000000800000000)
  region size 2048K, 2 young (4096K), 2 survivors (4096K)
 Metaspace       used 67161K, committed 67712K, reserved 1114112K
  class space    used 9509K, committed 9792K, reserved 1048576K
}
Event: 11.821 GC heap before
{Heap before GC invocations=28 (full 0):
 garbage-first heap   total 90112K, used 59972K [0x0000000703600000, 0x0000000800000000)
  region size 2048K, 10 young (20480K), 2 survivors (4096K)
 Metaspace       used 67172K, committed 67712K, reserved 1114112K
  class space    used 9509K, committed 9792K, reserved 1048576K
}
Event: 11.823 GC heap after
{Heap after GC invocations=29 (full 0):
 garbage-first heap   total 90112K, used 42380K [0x0000000703600000, 0x0000000800000000)
  region size 2048K, 1 young (2048K), 1 survivors (2048K)
 Metaspace       used 67172K, committed 67712K, reserved 1114112K
  class space    used 9509K, committed 9792K, reserved 1048576K
}
Event: 11.827 GC heap before
{Heap before GC invocations=29 (full 0):
 garbage-first heap   total 90112K, used 44428K [0x0000000703600000, 0x0000000800000000)
  region size 2048K, 2 young (4096K), 1 survivors (2048K)
 Metaspace       used 67172K, committed 67712K, reserved 1114112K
  class space    used 9509K, committed 9792K, reserved 1048576K
}

